{"C:\\Users\\irvin\\UVG\\Quinto_Semestre\\Desarrollo_Web\\Calculator\\Calculator\\src\\App.jsx": {"path":"C:\\Users\\irvin\\UVG\\Quinto_Semestre\\Desarrollo_Web\\Calculator\\Calculator\\src\\App.jsx","all":true,"statementMap":{"0":{"start":{"line":1,"column":0},"end":{"line":1,"column":18}},"1":{"start":{"line":2,"column":0},"end":{"line":2,"column":25}},"2":{"start":{"line":3,"column":0},"end":{"line":3,"column":43}},"3":{"start":{"line":4,"column":0},"end":{"line":4,"column":0}},"4":{"start":{"line":5,"column":0},"end":{"line":5,"column":16}},"5":{"start":{"line":6,"column":0},"end":{"line":6,"column":10}},"6":{"start":{"line":7,"column":0},"end":{"line":7,"column":6}},"7":{"start":{"line":8,"column":0},"end":{"line":8,"column":17}},"8":{"start":{"line":9,"column":0},"end":{"line":9,"column":7}},"9":{"start":{"line":10,"column":0},"end":{"line":10,"column":3}},"10":{"start":{"line":11,"column":0},"end":{"line":11,"column":1}},"11":{"start":{"line":12,"column":0},"end":{"line":12,"column":0}},"12":{"start":{"line":13,"column":0},"end":{"line":13,"column":18}}},"s":{"0":0,"1":0,"2":0,"3":0,"4":0,"5":0,"6":0,"7":0,"8":0,"9":0,"10":0,"11":0,"12":0},"branchMap":{"0":{"type":"branch","line":1,"loc":{"start":{"line":1,"column":176},"end":{"line":13,"column":18}},"locations":[{"start":{"line":1,"column":176},"end":{"line":13,"column":18}}]}},"b":{"0":[0]},"fnMap":{"0":{"name":"(empty-report)","decl":{"start":{"line":1,"column":176},"end":{"line":13,"column":18}},"loc":{"start":{"line":1,"column":176},"end":{"line":13,"column":18}},"line":1}},"f":{"0":0}}
,"C:\\Users\\irvin\\UVG\\Quinto_Semestre\\Desarrollo_Web\\Calculator\\Calculator\\src\\main.jsx": {"path":"C:\\Users\\irvin\\UVG\\Quinto_Semestre\\Desarrollo_Web\\Calculator\\Calculator\\src\\main.jsx","all":true,"statementMap":{"0":{"start":{"line":1,"column":0},"end":{"line":1,"column":25}},"1":{"start":{"line":2,"column":0},"end":{"line":2,"column":39}},"2":{"start":{"line":3,"column":0},"end":{"line":3,"column":27}},"3":{"start":{"line":4,"column":0},"end":{"line":4,"column":20}},"4":{"start":{"line":5,"column":0},"end":{"line":5,"column":0}},"5":{"start":{"line":6,"column":0},"end":{"line":6,"column":60}},"6":{"start":{"line":7,"column":0},"end":{"line":7,"column":20}},"7":{"start":{"line":8,"column":0},"end":{"line":8,"column":11}},"8":{"start":{"line":9,"column":0},"end":{"line":9,"column":22}},"9":{"start":{"line":10,"column":0},"end":{"line":10,"column":1}}},"s":{"0":0,"1":0,"2":0,"3":0,"4":0,"5":0,"6":0,"7":0,"8":0,"9":0},"branchMap":{"0":{"type":"branch","line":1,"loc":{"start":{"line":1,"column":234},"end":{"line":10,"column":1}},"locations":[{"start":{"line":1,"column":234},"end":{"line":10,"column":1}}]}},"b":{"0":[0]},"fnMap":{"0":{"name":"(empty-report)","decl":{"start":{"line":1,"column":234},"end":{"line":10,"column":1}},"loc":{"start":{"line":1,"column":234},"end":{"line":10,"column":1}},"line":1}},"f":{"0":0}}
,"C:\\Users\\irvin\\UVG\\Quinto_Semestre\\Desarrollo_Web\\Calculator\\Calculator\\src\\Views\\Calculator.jsx": {"path":"C:\\Users\\irvin\\UVG\\Quinto_Semestre\\Desarrollo_Web\\Calculator\\Calculator\\src\\Views\\Calculator.jsx","all":false,"statementMap":{"0":{"start":{"line":1,"column":0},"end":{"line":1,"column":51}},"1":{"start":{"line":2,"column":0},"end":{"line":2,"column":26}},"2":{"start":{"line":3,"column":0},"end":{"line":3,"column":0}},"3":{"start":{"line":4,"column":0},"end":{"line":4,"column":26}},"4":{"start":{"line":5,"column":0},"end":{"line":5,"column":45}},"5":{"start":{"line":6,"column":0},"end":{"line":6,"column":53}},"6":{"start":{"line":7,"column":0},"end":{"line":7,"column":0}},"7":{"start":{"line":8,"column":0},"end":{"line":8,"column":21}},"8":{"start":{"line":9,"column":0},"end":{"line":9,"column":38}},"9":{"start":{"line":10,"column":0},"end":{"line":10,"column":30}},"10":{"start":{"line":11,"column":0},"end":{"line":11,"column":30}},"11":{"start":{"line":12,"column":0},"end":{"line":12,"column":8}},"12":{"start":{"line":13,"column":0},"end":{"line":13,"column":120}},"13":{"start":{"line":14,"column":0},"end":{"line":14,"column":41}},"14":{"start":{"line":15,"column":0},"end":{"line":15,"column":61}},"15":{"start":{"line":16,"column":0},"end":{"line":16,"column":48}},"16":{"start":{"line":17,"column":0},"end":{"line":17,"column":41}},"17":{"start":{"line":18,"column":0},"end":{"line":18,"column":21}},"18":{"start":{"line":19,"column":0},"end":{"line":19,"column":38}},"19":{"start":{"line":20,"column":0},"end":{"line":20,"column":19}},"20":{"start":{"line":21,"column":0},"end":{"line":21,"column":41}},"21":{"start":{"line":22,"column":0},"end":{"line":22,"column":35}},"22":{"start":{"line":23,"column":0},"end":{"line":23,"column":28}},"23":{"start":{"line":24,"column":0},"end":{"line":24,"column":42}},"24":{"start":{"line":25,"column":0},"end":{"line":25,"column":24}},"25":{"start":{"line":26,"column":0},"end":{"line":26,"column":45}},"26":{"start":{"line":27,"column":0},"end":{"line":27,"column":65}},"27":{"start":{"line":28,"column":0},"end":{"line":28,"column":13}},"28":{"start":{"line":29,"column":0},"end":{"line":29,"column":8}},"29":{"start":{"line":30,"column":0},"end":{"line":30,"column":54}},"30":{"start":{"line":31,"column":0},"end":{"line":31,"column":10}},"31":{"start":{"line":32,"column":0},"end":{"line":32,"column":0}},"32":{"start":{"line":33,"column":0},"end":{"line":33,"column":58}},"33":{"start":{"line":34,"column":0},"end":{"line":34,"column":0}},"34":{"start":{"line":35,"column":0},"end":{"line":35,"column":22}},"35":{"start":{"line":36,"column":0},"end":{"line":36,"column":65}},"36":{"start":{"line":37,"column":0},"end":{"line":37,"column":10}},"37":{"start":{"line":38,"column":0},"end":{"line":38,"column":17}},"38":{"start":{"line":39,"column":0},"end":{"line":39,"column":0}},"39":{"start":{"line":40,"column":0},"end":{"line":40,"column":32}},"40":{"start":{"line":41,"column":0},"end":{"line":41,"column":27}},"41":{"start":{"line":42,"column":0},"end":{"line":42,"column":33}},"42":{"start":{"line":43,"column":0},"end":{"line":43,"column":26}},"43":{"start":{"line":44,"column":0},"end":{"line":44,"column":9}},"44":{"start":{"line":45,"column":0},"end":{"line":45,"column":55}},"45":{"start":{"line":46,"column":0},"end":{"line":46,"column":36}},"46":{"start":{"line":47,"column":0},"end":{"line":47,"column":33}},"47":{"start":{"line":48,"column":0},"end":{"line":48,"column":9}},"48":{"start":{"line":49,"column":0},"end":{"line":49,"column":6}},"49":{"start":{"line":50,"column":0},"end":{"line":50,"column":0}},"50":{"start":{"line":51,"column":0},"end":{"line":51,"column":25}},"51":{"start":{"line":52,"column":0},"end":{"line":52,"column":22}},"52":{"start":{"line":53,"column":0},"end":{"line":53,"column":6}},"53":{"start":{"line":54,"column":0},"end":{"line":54,"column":0}},"54":{"start":{"line":55,"column":0},"end":{"line":55,"column":29}},"55":{"start":{"line":56,"column":0},"end":{"line":56,"column":13}},"56":{"start":{"line":57,"column":0},"end":{"line":57,"column":46}},"57":{"start":{"line":58,"column":0},"end":{"line":58,"column":33}},"58":{"start":{"line":59,"column":0},"end":{"line":59,"column":42}},"59":{"start":{"line":60,"column":0},"end":{"line":60,"column":13}},"60":{"start":{"line":61,"column":0},"end":{"line":61,"column":27}},"61":{"start":{"line":62,"column":0},"end":{"line":62,"column":23}},"62":{"start":{"line":63,"column":0},"end":{"line":63,"column":31}},"63":{"start":{"line":64,"column":0},"end":{"line":64,"column":9}},"64":{"start":{"line":65,"column":0},"end":{"line":65,"column":6}},"65":{"start":{"line":66,"column":0},"end":{"line":66,"column":0}},"66":{"start":{"line":67,"column":0},"end":{"line":67,"column":30}},"67":{"start":{"line":68,"column":0},"end":{"line":68,"column":78}},"68":{"start":{"line":69,"column":0},"end":{"line":69,"column":29}},"69":{"start":{"line":70,"column":0},"end":{"line":70,"column":38}},"70":{"start":{"line":71,"column":0},"end":{"line":71,"column":9}},"71":{"start":{"line":72,"column":0},"end":{"line":72,"column":23}},"72":{"start":{"line":73,"column":0},"end":{"line":73,"column":6}},"73":{"start":{"line":74,"column":0},"end":{"line":74,"column":0}},"74":{"start":{"line":75,"column":0},"end":{"line":75,"column":12}},"75":{"start":{"line":76,"column":0},"end":{"line":76,"column":36}},"76":{"start":{"line":77,"column":0},"end":{"line":77,"column":72}},"77":{"start":{"line":78,"column":0},"end":{"line":78,"column":37}},"78":{"start":{"line":79,"column":0},"end":{"line":79,"column":41}},"79":{"start":{"line":80,"column":0},"end":{"line":80,"column":86}},"80":{"start":{"line":81,"column":0},"end":{"line":81,"column":31}},"81":{"start":{"line":82,"column":0},"end":{"line":82,"column":37}},"82":{"start":{"line":83,"column":0},"end":{"line":83,"column":38}},"83":{"start":{"line":84,"column":0},"end":{"line":84,"column":49}},"84":{"start":{"line":85,"column":0},"end":{"line":85,"column":73}},"85":{"start":{"line":86,"column":0},"end":{"line":86,"column":25}},"86":{"start":{"line":87,"column":0},"end":{"line":87,"column":33}},"87":{"start":{"line":88,"column":0},"end":{"line":88,"column":33}},"88":{"start":{"line":89,"column":0},"end":{"line":89,"column":23}},"89":{"start":{"line":90,"column":0},"end":{"line":90,"column":22}},"90":{"start":{"line":91,"column":0},"end":{"line":91,"column":44}},"91":{"start":{"line":92,"column":0},"end":{"line":92,"column":60}},"92":{"start":{"line":93,"column":0},"end":{"line":93,"column":31}},"93":{"start":{"line":94,"column":0},"end":{"line":94,"column":36}},"94":{"start":{"line":95,"column":0},"end":{"line":95,"column":37}},"95":{"start":{"line":96,"column":0},"end":{"line":96,"column":49}},"96":{"start":{"line":97,"column":0},"end":{"line":97,"column":72}},"97":{"start":{"line":98,"column":0},"end":{"line":98,"column":25}},"98":{"start":{"line":99,"column":0},"end":{"line":99,"column":32}},"99":{"start":{"line":100,"column":0},"end":{"line":100,"column":33}},"100":{"start":{"line":101,"column":0},"end":{"line":101,"column":23}},"101":{"start":{"line":102,"column":0},"end":{"line":102,"column":22}},"102":{"start":{"line":103,"column":0},"end":{"line":103,"column":18}},"103":{"start":{"line":104,"column":0},"end":{"line":104,"column":38}},"104":{"start":{"line":105,"column":0},"end":{"line":105,"column":105}},"105":{"start":{"line":106,"column":0},"end":{"line":106,"column":105}},"106":{"start":{"line":107,"column":0},"end":{"line":107,"column":104}},"107":{"start":{"line":108,"column":0},"end":{"line":108,"column":18}},"108":{"start":{"line":109,"column":0},"end":{"line":109,"column":14}},"109":{"start":{"line":110,"column":0},"end":{"line":110,"column":6}},"110":{"start":{"line":111,"column":0},"end":{"line":111,"column":2}},"111":{"start":{"line":112,"column":0},"end":{"line":112,"column":0}},"112":{"start":{"line":113,"column":0},"end":{"line":113,"column":26}}},"s":{"0":1,"1":1,"2":1,"3":1,"4":39,"5":39,"6":39,"7":39,"8":38,"9":3,"10":3,"11":3,"12":3,"13":3,"14":3,"15":3,"16":3,"17":3,"18":0,"19":3,"20":3,"21":0,"22":0,"23":0,"24":0,"25":0,"26":0,"27":0,"28":3,"29":3,"30":3,"31":38,"32":38,"33":38,"34":38,"35":38,"36":38,"37":39,"38":39,"39":39,"40":23,"41":23,"42":0,"43":0,"44":23,"45":23,"46":22,"47":22,"48":23,"49":39,"50":39,"51":1,"52":1,"53":39,"54":39,"55":3,"56":3,"57":3,"58":0,"59":0,"60":2,"61":3,"62":1,"63":1,"64":3,"65":39,"66":39,"67":0,"68":0,"69":0,"70":0,"71":0,"72":0,"73":39,"74":39,"75":39,"76":39,"77":39,"78":39,"79":39,"80":390,"81":390,"82":390,"83":390,"84":390,"85":390,"86":390,"87":390,"88":39,"89":39,"90":39,"91":39,"92":195,"93":195,"94":195,"95":195,"96":195,"97":195,"98":195,"99":195,"100":39,"101":39,"102":39,"103":39,"104":39,"105":39,"106":39,"107":39,"108":39,"109":39,"110":39,"111":1,"112":1},"branchMap":{"0":{"type":"branch","line":4,"loc":{"start":{"line":4,"column":19},"end":{"line":111,"column":2}},"locations":[{"start":{"line":4,"column":19},"end":{"line":111,"column":2}}]},"1":{"type":"branch","line":105,"loc":{"start":{"line":105,"column":65},"end":{"line":105,"column":87}},"locations":[{"start":{"line":105,"column":65},"end":{"line":105,"column":87}}]},"2":{"type":"branch","line":106,"loc":{"start":{"line":106,"column":70},"end":{"line":106,"column":89}},"locations":[{"start":{"line":106,"column":70},"end":{"line":106,"column":89}}]},"3":{"type":"branch","line":107,"loc":{"start":{"line":107,"column":69},"end":{"line":107,"column":90}},"locations":[{"start":{"line":107,"column":69},"end":{"line":107,"column":90}}]},"4":{"type":"branch","line":8,"loc":{"start":{"line":8,"column":14},"end":{"line":38,"column":7}},"locations":[{"start":{"line":8,"column":14},"end":{"line":38,"column":7}}]},"5":{"type":"branch","line":9,"loc":{"start":{"line":9,"column":30},"end":{"line":31,"column":10}},"locations":[{"start":{"line":9,"column":30},"end":{"line":31,"column":10}}]},"6":{"type":"branch","line":13,"loc":{"start":{"line":13,"column":38},"end":{"line":13,"column":61}},"locations":[{"start":{"line":13,"column":38},"end":{"line":13,"column":61}}]},"7":{"type":"branch","line":13,"loc":{"start":{"line":13,"column":54},"end":{"line":13,"column":76}},"locations":[{"start":{"line":13,"column":54},"end":{"line":13,"column":76}}]},"8":{"type":"branch","line":13,"loc":{"start":{"line":13,"column":69},"end":{"line":13,"column":91}},"locations":[{"start":{"line":13,"column":69},"end":{"line":13,"column":91}}]},"9":{"type":"branch","line":13,"loc":{"start":{"line":13,"column":84},"end":{"line":13,"column":106}},"locations":[{"start":{"line":13,"column":84},"end":{"line":13,"column":106}}]},"10":{"type":"branch","line":13,"loc":{"start":{"line":13,"column":99},"end":{"line":13,"column":119}},"locations":[{"start":{"line":13,"column":99},"end":{"line":13,"column":119}}]},"11":{"type":"branch","line":21,"loc":{"start":{"line":21,"column":12},"end":{"line":28,"column":13}},"locations":[{"start":{"line":21,"column":12},"end":{"line":28,"column":13}}]},"12":{"type":"branch","line":14,"loc":{"start":{"line":14,"column":26},"end":{"line":20,"column":17}},"locations":[{"start":{"line":14,"column":26},"end":{"line":20,"column":17}}]},"13":{"type":"branch","line":18,"loc":{"start":{"line":18,"column":20},"end":{"line":19,"column":38}},"locations":[{"start":{"line":18,"column":20},"end":{"line":19,"column":38}}]},"14":{"type":"branch","line":35,"loc":{"start":{"line":35,"column":15},"end":{"line":37,"column":10}},"locations":[{"start":{"line":35,"column":15},"end":{"line":37,"column":10}}]},"15":{"type":"branch","line":40,"loc":{"start":{"line":40,"column":24},"end":{"line":49,"column":6}},"locations":[{"start":{"line":40,"column":24},"end":{"line":49,"column":6}}]},"16":{"type":"branch","line":42,"loc":{"start":{"line":42,"column":32},"end":{"line":44,"column":9}},"locations":[{"start":{"line":42,"column":32},"end":{"line":44,"column":9}}]},"17":{"type":"branch","line":46,"loc":{"start":{"line":46,"column":35},"end":{"line":48,"column":9}},"locations":[{"start":{"line":46,"column":35},"end":{"line":48,"column":9}}]},"18":{"type":"branch","line":51,"loc":{"start":{"line":51,"column":18},"end":{"line":53,"column":6}},"locations":[{"start":{"line":51,"column":18},"end":{"line":53,"column":6}}]},"19":{"type":"branch","line":55,"loc":{"start":{"line":55,"column":22},"end":{"line":65,"column":6}},"locations":[{"start":{"line":55,"column":22},"end":{"line":65,"column":6}}]},"20":{"type":"branch","line":58,"loc":{"start":{"line":58,"column":32},"end":{"line":60,"column":13}},"locations":[{"start":{"line":58,"column":32},"end":{"line":60,"column":13}}]},"21":{"type":"branch","line":60,"loc":{"start":{"line":60,"column":12},"end":{"line":62,"column":17}},"locations":[{"start":{"line":60,"column":12},"end":{"line":62,"column":17}}]},"22":{"type":"branch","line":62,"loc":{"start":{"line":62,"column":8},"end":{"line":64,"column":9}},"locations":[{"start":{"line":62,"column":8},"end":{"line":64,"column":9}}]},"23":{"type":"branch","line":80,"loc":{"start":{"line":80,"column":76},"end":{"line":88,"column":33}},"locations":[{"start":{"line":80,"column":76},"end":{"line":88,"column":33}}]},"24":{"type":"branch","line":85,"loc":{"start":{"line":85,"column":53},"end":{"line":85,"column":70}},"locations":[{"start":{"line":85,"column":53},"end":{"line":85,"column":70}}]},"25":{"type":"branch","line":85,"loc":{"start":{"line":85,"column":59},"end":{"line":85,"column":73}},"locations":[{"start":{"line":85,"column":59},"end":{"line":85,"column":73}}]},"26":{"type":"branch","line":92,"loc":{"start":{"line":92,"column":51},"end":{"line":100,"column":33}},"locations":[{"start":{"line":92,"column":51},"end":{"line":100,"column":33}}]},"27":{"type":"branch","line":97,"loc":{"start":{"line":97,"column":53},"end":{"line":97,"column":69}},"locations":[{"start":{"line":97,"column":53},"end":{"line":97,"column":69}}]}},"b":{"0":[39],"1":[0],"2":[0],"3":[0],"4":[38],"5":[3],"6":[0],"7":[0],"8":[0],"9":[0],"10":[0],"11":[0],"12":[3],"13":[0],"14":[38],"15":[23],"16":[0],"17":[22],"18":[1],"19":[3],"20":[0],"21":[2],"22":[1],"23":[390],"24":[3],"25":[387],"26":[195],"27":[0]},"fnMap":{"0":{"name":"Calculator","decl":{"start":{"line":4,"column":19},"end":{"line":111,"column":2}},"loc":{"start":{"line":4,"column":19},"end":{"line":111,"column":2}},"line":4},"1":{"name":"handleKeyDown","decl":{"start":{"line":9,"column":30},"end":{"line":31,"column":10}},"loc":{"start":{"line":9,"column":30},"end":{"line":31,"column":10}},"line":9},"2":{"name":"handleClick","decl":{"start":{"line":40,"column":24},"end":{"line":49,"column":6}},"loc":{"start":{"line":40,"column":24},"end":{"line":49,"column":6}},"line":40},"3":{"name":"clear","decl":{"start":{"line":51,"column":18},"end":{"line":53,"column":6}},"loc":{"start":{"line":51,"column":18},"end":{"line":53,"column":6}},"line":51},"4":{"name":"calculate","decl":{"start":{"line":55,"column":22},"end":{"line":65,"column":6}},"loc":{"start":{"line":55,"column":22},"end":{"line":65,"column":6}},"line":55},"5":{"name":"toggleSign","decl":{"start":{"line":67,"column":23},"end":{"line":73,"column":6}},"loc":{"start":{"line":67,"column":23},"end":{"line":73,"column":6}},"line":67}},"f":{"0":39,"1":3,"2":23,"3":1,"4":3,"5":0}}
,"C:\\Users\\irvin\\UVG\\Quinto_Semestre\\Desarrollo_Web\\Calculator\\Calculator\\src\\tests\\setupTests1.js": {"path":"C:\\Users\\irvin\\UVG\\Quinto_Semestre\\Desarrollo_Web\\Calculator\\Calculator\\src\\tests\\setupTests1.js","all":true,"statementMap":{"0":{"start":{"line":1,"column":0},"end":{"line":1,"column":31}},"1":{"start":{"line":2,"column":0},"end":{"line":2,"column":0}},"2":{"start":{"line":3,"column":0},"end":{"line":3,"column":49}},"3":{"start":{"line":4,"column":0},"end":{"line":4,"column":38}},"4":{"start":{"line":5,"column":0},"end":{"line":5,"column":42}},"5":{"start":{"line":6,"column":0},"end":{"line":6,"column":0}},"6":{"start":{"line":7,"column":0},"end":{"line":7,"column":17}},"7":{"start":{"line":8,"column":0},"end":{"line":8,"column":14}},"8":{"start":{"line":9,"column":0},"end":{"line":9,"column":3}}},"s":{"0":0,"1":0,"2":0,"3":0,"4":0,"5":0,"6":0,"7":0,"8":0},"branchMap":{"0":{"type":"branch","line":1,"loc":{"start":{"line":1,"column":210},"end":{"line":9,"column":3}},"locations":[{"start":{"line":1,"column":210},"end":{"line":9,"column":3}}]}},"b":{"0":[0]},"fnMap":{"0":{"name":"(empty-report)","decl":{"start":{"line":1,"column":210},"end":{"line":9,"column":3}},"loc":{"start":{"line":1,"column":210},"end":{"line":9,"column":3}},"line":1}},"f":{"0":0}}
}
